<?xml version="1.0" encoding="UTF-8"?>
<!-- Generated by org.testng.reporters.JUnitReportReporter -->
<testsuite hostname="Hades" failures="0" tests="1" name="com.selenium.SampleSelenium.SampleSelGoogleTest1" time="5.142" errors="0" timestamp="9 May 2022 13:37:11 GMT">
  <testcase classname="com.selenium.SampleSelenium.SampleSelGoogleTest1" name="sampleSelGoogleTest1" time="5.142"/>
</testsuite> <!-- com.selenium.SampleSelenium.SampleSelGoogleTest1 -->
